This is pdfTeX, Version 3.1415926-2.3-1.40.12 (MiKTeX 2.9) (preloaded format=pdflatex 2012.12.27)  8 OCT 2013 15:17
entering extended mode
**C:/Users/desty/Desktop/article/AngelowKolkovska/AngelowKolkovska/part_i_new.t
ex

(C:/Users/desty/Desktop/article/AngelowKolkovska/AngelowKolkovska/part_i_new.te
x
LaTeX2e <2011/06/27>
Babel <v3.8m> and hyphenation patterns for english, afrikaans, ancientgreek, ar
abic, armenian, assamese, basque, bengali, bokmal, bulgarian, catalan, coptic, 
croatian, czech, danish, dutch, esperanto, estonian, farsi, finnish, french, ga
lician, german, german-x-2009-06-19, greek, gujarati, hindi, hungarian, iceland
ic, indonesian, interlingua, irish, italian, kannada, kurmanji, lao, latin, lat
vian, lithuanian, malayalam, marathi, mongolian, mongolianlmc, monogreek, ngerm
an, ngerman-x-2009-06-19, nynorsk, oriya, panjabi, pinyin, polish, portuguese, 
romanian, russian, sanskrit, serbian, slovak, slovenian, spanish, swedish, swis
sgerman, tamil, telugu, turkish, turkmen, ukenglish, ukrainian, uppersorbian, u
senglishmax, welsh, loaded.

(C:\Users\desty\Desktop\article\AngelowKolkovska\AngelowKolkovska\elsarticle.cl
s
Document Class: elsarticle 2009/09/17, 1.20b: Elsevier Ltd
\@bls=\dimen102
("C:\Program Files\LateX\tex\latex\base\article.cls"
Document Class: article 2007/10/19 v1.4h Standard LaTeX document class
("C:\Program Files\LateX\tex\latex\base\size10.clo"
File: size10.clo 2007/10/19 v1.4h Standard LaTeX file (size option)
)
\c@part=\count79
\c@section=\count80
\c@subsection=\count81
\c@subsubsection=\count82
\c@paragraph=\count83
\c@subparagraph=\count84
\c@figure=\count85
\c@table=\count86
\abovecaptionskip=\skip41
\belowcaptionskip=\skip42
\bibindent=\dimen103
)
("C:\Program Files\LateX\tex\latex\graphics\graphicx.sty"
Package: graphicx 1999/02/16 v1.0f Enhanced LaTeX Graphics (DPC,SPQR)

("C:\Program Files\LateX\tex\latex\graphics\keyval.sty"
Package: keyval 1999/03/16 v1.13 key=value parser (DPC)
\KV@toks@=\toks14
)
("C:\Program Files\LateX\tex\latex\graphics\graphics.sty"
Package: graphics 2009/02/05 v1.0o Standard LaTeX Graphics (DPC,SPQR)

("C:\Program Files\LateX\tex\latex\graphics\trig.sty"
Package: trig 1999/03/16 v1.09 sin cos tan (DPC)
)
("C:\Program Files\LateX\tex\latex\00miktex\graphics.cfg"
File: graphics.cfg 2007/01/18 v1.5 graphics configuration of teTeX/TeXLive
)
Package graphics Info: Driver file: pdftex.def on input line 91.

("C:\Program Files\LateX\tex\latex\pdftex-def\pdftex.def"
File: pdftex.def 2011/05/27 v0.06d Graphics/color for pdfTeX

("C:\Program Files\LateX\tex\generic\oberdiek\infwarerr.sty"
Package: infwarerr 2010/04/08 v1.3 Providing info/warning/error messages (HO)
)
("C:\Program Files\LateX\tex\generic\oberdiek\ltxcmds.sty"
Package: ltxcmds 2011/11/09 v1.22 LaTeX kernel commands for general use (HO)
)
\Gread@gobject=\count87
))
\Gin@req@height=\dimen104
\Gin@req@width=\dimen105
)
("C:\Program Files\LateX\tex\latex\psnfss\pifont.sty"
Package: pifont 2005/04/12 PSNFSS-v9.2a Pi font support (SPQR) 
LaTeX Font Info:    Try loading font information for U+pzd on input line 63.

("C:\Program Files\LateX\tex\latex\psnfss\upzd.fd"
File: upzd.fd 2001/06/04 font definitions for U/pzd.
)
LaTeX Font Info:    Try loading font information for U+psy on input line 64.

("C:\Program Files\LateX\tex\latex\psnfss\upsy.fd"
File: upsy.fd 2001/06/04 font definitions for U/psy.
))
\c@tnote=\count88
\c@fnote=\count89
\c@cnote=\count90
\c@ead=\count91
\c@author=\count92
\@eadauthor=\toks15
\c@affn=\count93
\absbox=\box26
\keybox=\box27
\Columnwidth=\dimen106
\space@left=\dimen107
\els@boxa=\box28
\els@boxb=\box29
\leftMargin=\dimen108
\@enLab=\toks16
\@sep=\skip43
\@@sep=\skip44

(C:\Users\desty\Desktop\article\AngelowKolkovska\AngelowKolkovska\part_i_new.sp
l) ("C:\Program Files\LateX\tex\latex\natbib\natbib.sty"
Package: natbib 2010/09/13 8.31b (PWD, AO)
\bibhang=\skip45
\bibsep=\skip46
LaTeX Info: Redefining \cite on input line 694.
\c@NAT@ctr=\count94
)
\splwrite=\write3
\appnamewidth=\dimen109
)
("C:\Program Files\LateX\tex\latex\amsfonts\amssymb.sty"
Package: amssymb 2009/06/22 v3.00

("C:\Program Files\LateX\tex\latex\amsfonts\amsfonts.sty"
Package: amsfonts 2009/06/22 v3.00 Basic AMSFonts support
\@emptytoks=\toks17
\symAMSa=\mathgroup4
\symAMSb=\mathgroup5
LaTeX Font Info:    Overwriting math alphabet `\mathfrak' in version `bold'
(Font)                  U/euf/m/n --> U/euf/b/n on input line 96.
))
("C:\Program Files\LateX\tex\latex\ams\math\amsmath.sty"
Package: amsmath 2000/07/18 v2.13 AMS math features
\@mathmargin=\skip47

For additional information on amsmath, use the `?' option.
("C:\Program Files\LateX\tex\latex\ams\math\amstext.sty"
Package: amstext 2000/06/29 v2.01

("C:\Program Files\LateX\tex\latex\ams\math\amsgen.sty"
File: amsgen.sty 1999/11/30 v2.0
\@emptytoks=\toks18
\ex@=\dimen110
))
("C:\Program Files\LateX\tex\latex\ams\math\amsbsy.sty"
Package: amsbsy 1999/11/29 v1.2d
\pmbraise@=\dimen111
)
("C:\Program Files\LateX\tex\latex\ams\math\amsopn.sty"
Package: amsopn 1999/12/14 v2.01 operator names
)
\inf@bad=\count95
LaTeX Info: Redefining \frac on input line 211.
\uproot@=\count96
\leftroot@=\count97
LaTeX Info: Redefining \overline on input line 307.
\classnum@=\count98
\DOTSCASE@=\count99
LaTeX Info: Redefining \ldots on input line 379.
LaTeX Info: Redefining \dots on input line 382.
LaTeX Info: Redefining \cdots on input line 467.
\Mathstrutbox@=\box30
\strutbox@=\box31
\big@size=\dimen112
LaTeX Font Info:    Redeclaring font encoding OML on input line 567.
LaTeX Font Info:    Redeclaring font encoding OMS on input line 568.
\macc@depth=\count100
\c@MaxMatrixCols=\count101
\dotsspace@=\muskip10
\c@parentequation=\count102
\dspbrk@lvl=\count103
\tag@help=\toks19
\row@=\count104
\column@=\count105
\maxfields@=\count106
\andhelp@=\toks20
\eqnshift@=\dimen113
\alignsep@=\dimen114
\tagshift@=\dimen115
\tagwidth@=\dimen116
\totwidth@=\dimen117
\lineht@=\dimen118
\@envbody=\toks21
\multlinegap=\skip48
\multlinetaggap=\skip49
\mathdisplay@stack=\toks22
LaTeX Info: Redefining \[ on input line 2666.
LaTeX Info: Redefining \] on input line 2667.
)
("C:\Program Files\LateX\tex\latex\ams\classes\amsthm.sty"
Package: amsthm 2004/08/06 v2.20
\thm@style=\toks23
\thm@bodyfont=\toks24
\thm@headfont=\toks25
\thm@notefont=\toks26
\thm@headpunct=\toks27
\thm@preskip=\skip50
\thm@postskip=\skip51
\thm@headsep=\skip52
\dth@everypar=\toks28
LaTeX Info: Redefining \qed on input line 283.
)
("C:\Program Files\LateX\tex\latex\oberdiek\epstopdf.sty"
Package: epstopdf 2010/02/09 v2.5 Conversion with epstopdf on the fly (HO)

("C:\Program Files\LateX\tex\latex\oberdiek\epstopdf-base.sty"
Package: epstopdf-base 2010/02/09 v2.5 Base part for package epstopdf

("C:\Program Files\LateX\tex\latex\oberdiek\grfext.sty"
Package: grfext 2010/08/19 v1.1 Manage graphics extensions (HO)

("C:\Program Files\LateX\tex\generic\oberdiek\kvdefinekeys.sty"
Package: kvdefinekeys 2011/04/07 v1.3 Define keys (HO)
))
("C:\Program Files\LateX\tex\latex\oberdiek\kvoptions.sty"
Package: kvoptions 2011/06/30 v3.11 Key value format for package options (HO)

("C:\Program Files\LateX\tex\generic\oberdiek\kvsetkeys.sty"
Package: kvsetkeys 2012/04/25 v1.16 Key value parser (HO)

("C:\Program Files\LateX\tex\generic\oberdiek\etexcmds.sty"
Package: etexcmds 2011/02/16 v1.5 Avoid name clashes with e-TeX commands (HO)

("C:\Program Files\LateX\tex\generic\oberdiek\ifluatex.sty"
Package: ifluatex 2010/03/01 v1.3 Provides the ifluatex switch (HO)
Package ifluatex Info: LuaTeX not detected.
)
Package etexcmds Info: Could not find \expanded.
(etexcmds)             That can mean that you are not using pdfTeX 1.50 or
(etexcmds)             that some package has redefined \expanded.
(etexcmds)             In the latter case, load this package earlier.
)))
("C:\Program Files\LateX\tex\generic\oberdiek\pdftexcmds.sty"
Package: pdftexcmds 2011/11/29 v0.20 Utility functions of pdfTeX for LuaTeX (HO
)

("C:\Program Files\LateX\tex\generic\oberdiek\ifpdf.sty"
Package: ifpdf 2011/01/30 v2.3 Provides the ifpdf switch (HO)
Package ifpdf Info: pdfTeX in PDF mode is detected.
)
Package pdftexcmds Info: LuaTeX not detected.
Package pdftexcmds Info: \pdf@primitive is available.
Package pdftexcmds Info: \pdf@ifprimitive is available.
Package pdftexcmds Info: \pdfdraftmode found.
)
Package grfext Info: Graphics extension search list:
(grfext)             [.png,.pdf,.jpg,.mps,.jpeg,.jbig2,.jb2,.PNG,.PDF,.JPG,.JPE
G,.JBIG2,.JB2,.eps]
(grfext)             \AppendGraphicsExtensions on input line 452.
))
\c@thm=\count107
\c@lm=\count108
\c@cor=\count109
\c@rmk=\count110

(C:\Users\desty\Desktop\article\AngelowKolkovska\AngelowKolkovska\part_i_new.au
x)
LaTeX Font Info:    Checking defaults for OML/cmm/m/it on input line 24.
LaTeX Font Info:    ... okay on input line 24.
LaTeX Font Info:    Checking defaults for T1/cmr/m/n on input line 24.
LaTeX Font Info:    ... okay on input line 24.
LaTeX Font Info:    Checking defaults for OT1/cmr/m/n on input line 24.
LaTeX Font Info:    ... okay on input line 24.
LaTeX Font Info:    Checking defaults for OMS/cmsy/m/n on input line 24.
LaTeX Font Info:    ... okay on input line 24.
LaTeX Font Info:    Checking defaults for OMX/cmex/m/n on input line 24.
LaTeX Font Info:    ... okay on input line 24.
LaTeX Font Info:    Checking defaults for U/cmr/m/n on input line 24.
LaTeX Font Info:    ... okay on input line 24.
 ("C:\Program Files\LateX\tex\context\base\supp-pdf.mkii"
[Loading MPS to PDF converter (version 2006.09.02).]
\scratchcounter=\count111
\scratchdimen=\dimen119
\scratchbox=\box32
\nofMPsegments=\count112
\nofMParguments=\count113
\everyMPshowfont=\toks29
\MPscratchCnt=\count114
\MPscratchDim=\dimen120
\MPnumerator=\count115
\makeMPintoPDFobject=\count116
\everyMPtoPDFconversion=\toks30
)
LaTeX Font Info:    Try loading font information for U+msa on input line 43.
 ("C:\Program Files\LateX\tex\latex\amsfonts\umsa.fd"
File: umsa.fd 2009/06/22 v3.00 AMS symbols A
)
LaTeX Font Info:    Try loading font information for U+msb on input line 43.

("C:\Program Files\LateX\tex\latex\amsfonts\umsb.fd"
File: umsb.fd 2009/06/22 v3.00 AMS symbols B
) [1


{C:/ProgramData/MiKTeX/2.9/pdftex/config/pdftex.map}] [2] [3] [4] [5] [6]
Overfull \hbox (1.77023pt too wide) in paragraph at lines 296--330
 [][] 
 []

[7]
Package epstopdf Info: Source file: <cross-sections/crossSectionLogX=0.eps>
(epstopdf)                    date: 2013-08-10 14:40:04
(epstopdf)                    size: 23105 bytes
(epstopdf)             Output file: <cross-sections/crossSectionLogX=0-eps-conv
erted-to.pdf>
(epstopdf)                    date: 2013-08-10 14:40:33
(epstopdf)                    size: 9864 bytes
(epstopdf)             Command: <epstopdf --outfile=cross-sections/crossSection
LogX=0-eps-converted-to.pdf cross-sections/crossSectionLogX=0.eps>
(epstopdf)             \includegraphics on input line 373.
Package epstopdf Info: Output file is already uptodate.

<cross-sections/crossSectionLogX=0-eps-converted-to.pdf, id=44, 274.02374pt x 2
16.81pt>
File: cross-sections/crossSectionLogX=0-eps-converted-to.pdf Graphic file (type
 pdf)
 <use cross-sections/crossSectionLogX=0-eps-converted-to.pdf>
Package pdftex.def Info: cross-sections/crossSectionLogX=0-eps-converted-to.pdf
 used on input line 373.
(pdftex.def)             Requested size: 172.5pt x 136.48515pt.
Package epstopdf Info: Source file: <cross-sections/crossSectionLogY=0.eps>
(epstopdf)                    date: 2013-08-10 14:40:20
(epstopdf)                    size: 21345 bytes
(epstopdf)             Output file: <cross-sections/crossSectionLogY=0-eps-conv
erted-to.pdf>
(epstopdf)                    date: 2013-08-10 14:40:34
(epstopdf)                    size: 9870 bytes
(epstopdf)             Command: <epstopdf --outfile=cross-sections/crossSection
LogY=0-eps-converted-to.pdf cross-sections/crossSectionLogY=0.eps>
(epstopdf)             \includegraphics on input line 377.
Package epstopdf Info: Output file is already uptodate.

<cross-sections/crossSectionLogY=0-eps-converted-to.pdf, id=45, 274.02374pt x 2
16.81pt>
File: cross-sections/crossSectionLogY=0-eps-converted-to.pdf Graphic file (type
 pdf)
 <use cross-sections/crossSectionLogY=0-eps-converted-to.pdf>
Package pdftex.def Info: cross-sections/crossSectionLogY=0-eps-converted-to.pdf
 used on input line 377.
(pdftex.def)             Requested size: 172.5pt x 136.48515pt.
Package epstopdf Info: Source file: <cross-sections/crossSectionX=0.eps>
(epstopdf)                    date: 2013-08-10 14:31:18
(epstopdf)                    size: 22712 bytes
(epstopdf)             Output file: <cross-sections/crossSectionX=0-eps-convert
ed-to.pdf>
(epstopdf)                    date: 2013-08-10 14:40:35
(epstopdf)                    size: 23180 bytes
(epstopdf)             Command: <epstopdf --outfile=cross-sections/crossSection
X=0-eps-converted-to.pdf cross-sections/crossSectionX=0.eps>
(epstopdf)             \includegraphics on input line 381.
Package epstopdf Info: Output file is already uptodate.

<cross-sections/crossSectionX=0-eps-converted-to.pdf, id=46, 274.02374pt x 216.
81pt>
File: cross-sections/crossSectionX=0-eps-converted-to.pdf Graphic file (type pd
f)
 <use cross-sections/crossSectionX=0-eps-converted-to.pdf>
Package pdftex.def Info: cross-sections/crossSectionX=0-eps-converted-to.pdf us
ed on input line 381.
(pdftex.def)             Requested size: 172.5pt x 136.48515pt.
Package epstopdf Info: Source file: <cross-sections/crossSectionY=0.eps>
(epstopdf)                    date: 2013-08-10 14:31:00
(epstopdf)                    size: 22535 bytes
(epstopdf)             Output file: <cross-sections/crossSectionY=0-eps-convert
ed-to.pdf>
(epstopdf)                    date: 2013-08-10 14:40:36
(epstopdf)                    size: 24161 bytes
(epstopdf)             Command: <epstopdf --outfile=cross-sections/crossSection
Y=0-eps-converted-to.pdf cross-sections/crossSectionY=0.eps>
(epstopdf)             \includegraphics on input line 385.
Package epstopdf Info: Output file is already uptodate.

<cross-sections/crossSectionY=0-eps-converted-to.pdf, id=47, 274.02374pt x 216.
81pt>
File: cross-sections/crossSectionY=0-eps-converted-to.pdf Graphic file (type pd
f)
 <use cross-sections/crossSectionY=0-eps-converted-to.pdf>
Package pdftex.def Info: cross-sections/crossSectionY=0-eps-converted-to.pdf us
ed on input line 385.
(pdftex.def)             Requested size: 172.5pt x 136.48515pt.

Overfull \hbox (2.22221pt too wide) in paragraph at lines 371--387
[][] []
 []


Overfull \hbox (2.22221pt too wide) in paragraph at lines 371--387
[] [] 
 []

[8]
Package epstopdf Info: Source file: <residual/residual_bt5c03.eps>
(epstopdf)                    date: 2013-08-21 11:52:06
(epstopdf)                    size: 1708664 bytes
(epstopdf)             Output file: <residual/residual_bt5c03-eps-converted-to.
pdf>
(epstopdf)                    date: 2013-09-17 14:58:34
(epstopdf)                    size: 29447 bytes
(epstopdf)             Command: <epstopdf --outfile=residual/residual_bt5c03-ep
s-converted-to.pdf residual/residual_bt5c03.eps>
(epstopdf)             \includegraphics on input line 409.
Package epstopdf Info: Output file is already uptodate.

<residual/residual_bt5c03-eps-converted-to.pdf, id=52, 38.1425pt x 24.09pt>
File: residual/residual_bt5c03-eps-converted-to.pdf Graphic file (type pdf)

<use residual/residual_bt5c03-eps-converted-to.pdf>
Package pdftex.def Info: residual/residual_bt5c03-eps-converted-to.pdf used on 
input line 409.
(pdftex.def)             Requested size: 172.5pt x 108.95233pt.
Package epstopdf Info: Source file: <residual/residual_bt1c09.eps>
(epstopdf)                    date: 2013-08-21 11:52:56
(epstopdf)                    size: 1702684 bytes
(epstopdf)             Output file: <residual/residual_bt1c09-eps-converted-to.
pdf>
(epstopdf)                    date: 2013-09-17 14:58:36
(epstopdf)                    size: 38567 bytes
(epstopdf)             Command: <epstopdf --outfile=residual/residual_bt1c09-ep
s-converted-to.pdf residual/residual_bt1c09.eps>
(epstopdf)             \includegraphics on input line 414.
Package epstopdf Info: Output file is already uptodate.

<residual/residual_bt1c09-eps-converted-to.pdf, id=53, 38.1425pt x 24.09pt>
File: residual/residual_bt1c09-eps-converted-to.pdf Graphic file (type pdf)

<use residual/residual_bt1c09-eps-converted-to.pdf>
Package pdftex.def Info: residual/residual_bt1c09-eps-converted-to.pdf used on 
input line 414.
(pdftex.def)             Requested size: 172.5pt x 108.95233pt.

Overfull \hbox (2.22221pt too wide) in paragraph at lines 407--417
[][] [] 
 []

[9 <C:/Users/desty/Desktop/article/AngelowKolkovska/AngelowKolkovska/cross-sect
ions/crossSectionLogX=0-eps-converted-to.pdf> <C:/Users/desty/Desktop/article/A
ngelowKolkovska/AngelowKolkovska/cross-sections/crossSectionLogY=0-eps-converte
d-to.pdf> <C:/Users/desty/Desktop/article/AngelowKolkovska/AngelowKolkovska/cro
ss-sections/crossSectionX=0-eps-converted-to.pdf> <C:/Users/desty/Desktop/artic
le/AngelowKolkovska/AngelowKolkovska/cross-sections/crossSectionY=0-eps-convert
ed-to.pdf>]
Package epstopdf Info: Source file: <solution/SOL2D_bnd25_c090_bt1.eps>
(epstopdf)                    date: 2013-08-21 11:42:40
(epstopdf)                    size: 5723031 bytes
(epstopdf)             Output file: <solution/SOL2D_bnd25_c090_bt1-eps-converte
d-to.pdf>
(epstopdf)                    date: 2013-09-17 14:58:44
(epstopdf)                    size: 95476 bytes
(epstopdf)             Command: <epstopdf --outfile=solution/SOL2D_bnd25_c090_b
t1-eps-converted-to.pdf solution/SOL2D_bnd25_c090_bt1.eps>
(epstopdf)             \includegraphics on input line 429.
Package epstopdf Info: Output file is already uptodate.

<solution/SOL2D_bnd25_c090_bt1-eps-converted-to.pdf, id=77, 63.23625pt x 48.18p
t>
File: solution/SOL2D_bnd25_c090_bt1-eps-converted-to.pdf Graphic file (type pdf
)
 <use solution/SOL2D_bnd25_c090_bt1-eps-converted-to.pdf>
Package pdftex.def Info: solution/SOL2D_bnd25_c090_bt1-eps-converted-to.pdf use
d on input line 429.
(pdftex.def)             Requested size: 172.5pt x 131.43155pt.
Package epstopdf Info: Source file: <solution/SOL2D_bnd25_c050_bt3.eps>
(epstopdf)                    date: 2013-08-21 11:47:14
(epstopdf)                    size: 5723031 bytes
(epstopdf)             Output file: <solution/SOL2D_bnd25_c050_bt3-eps-converte
d-to.pdf>
(epstopdf)                    date: 2013-09-17 14:58:52
(epstopdf)                    size: 77805 bytes
(epstopdf)             Command: <epstopdf --outfile=solution/SOL2D_bnd25_c050_b
t3-eps-converted-to.pdf solution/SOL2D_bnd25_c050_bt3.eps>
(epstopdf)             \includegraphics on input line 433.
Package epstopdf Info: Output file is already uptodate.

<solution/SOL2D_bnd25_c050_bt3-eps-converted-to.pdf, id=78, 63.23625pt x 48.18p
t>
File: solution/SOL2D_bnd25_c050_bt3-eps-converted-to.pdf Graphic file (type pdf
)
 <use solution/SOL2D_bnd25_c050_bt3-eps-converted-to.pdf>
Package pdftex.def Info: solution/SOL2D_bnd25_c050_bt3-eps-converted-to.pdf use
d on input line 433.
(pdftex.def)             Requested size: 172.5pt x 131.43155pt.
Package epstopdf Info: Source file: <solution/SOL3D_bnd25_c090_bt1.eps>
(epstopdf)                    date: 2013-08-21 11:44:08
(epstopdf)                    size: 5723031 bytes
(epstopdf)             Output file: <solution/SOL3D_bnd25_c090_bt1-eps-converte
d-to.pdf>
(epstopdf)                    date: 2013-09-17 14:59:00
(epstopdf)                    size: 36021 bytes
(epstopdf)             Command: <epstopdf --outfile=solution/SOL3D_bnd25_c090_b
t1-eps-converted-to.pdf solution/SOL3D_bnd25_c090_bt1.eps>
(epstopdf)             \includegraphics on input line 437.
Package epstopdf Info: Output file is already uptodate.

<solution/SOL3D_bnd25_c090_bt1-eps-converted-to.pdf, id=79, 63.23625pt x 48.18p
t>
File: solution/SOL3D_bnd25_c090_bt1-eps-converted-to.pdf Graphic file (type pdf
)
 <use solution/SOL3D_bnd25_c090_bt1-eps-converted-to.pdf>
Package pdftex.def Info: solution/SOL3D_bnd25_c090_bt1-eps-converted-to.pdf use
d on input line 437.
(pdftex.def)             Requested size: 155.24895pt x 118.2875pt.
Package epstopdf Info: Source file: <solution/SOL3D_bnd25_c050_bt3.eps>
(epstopdf)                    date: 2013-08-21 11:43:40
(epstopdf)                    size: 5723031 bytes
(epstopdf)             Output file: <solution/SOL3D_bnd25_c050_bt3-eps-converte
d-to.pdf>
(epstopdf)                    date: 2013-09-17 14:59:08
(epstopdf)                    size: 29948 bytes
(epstopdf)             Command: <epstopdf --outfile=solution/SOL3D_bnd25_c050_b
t3-eps-converted-to.pdf solution/SOL3D_bnd25_c050_bt3.eps>
(epstopdf)             \includegraphics on input line 442.
Package epstopdf Info: Output file is already uptodate.

<solution/SOL3D_bnd25_c050_bt3-eps-converted-to.pdf, id=80, 63.23625pt x 48.18p
t>
File: solution/SOL3D_bnd25_c050_bt3-eps-converted-to.pdf Graphic file (type pdf
)
 <use solution/SOL3D_bnd25_c050_bt3-eps-converted-to.pdf>
Package pdftex.def Info: solution/SOL3D_bnd25_c050_bt3-eps-converted-to.pdf use
d on input line 442.
(pdftex.def)             Requested size: 172.5pt x 131.43155pt.

Overfull \hbox (2.22221pt too wide) in paragraph at lines 427--445
[][] []
 []

[10 <C:/Users/desty/Desktop/article/AngelowKolkovska/AngelowKolkovska/residual/
residual_bt5c03-eps-converted-to.pdf> <C:/Users/desty/Desktop/article/AngelowKo
lkovska/AngelowKolkovska/residual/residual_bt1c09-eps-converted-to.pdf>]
Package epstopdf Info: Source file: <cross-sections/c=01__09beta=1x=0.eps>
(epstopdf)                    date: 2013-07-20 15:14:08
(epstopdf)                    size: 10634 bytes
(epstopdf)             Output file: <cross-sections/c=01__09beta=1x=0-eps-conve
rted-to.pdf>
(epstopdf)                    date: 2013-09-17 14:59:10
(epstopdf)                    size: 4342 bytes
(epstopdf)             Command: <epstopdf --outfile=cross-sections/c=01__09beta
=1x=0-eps-converted-to.pdf cross-sections/c=01__09beta=1x=0.eps>
(epstopdf)             \includegraphics on input line 496.
Package epstopdf Info: Output file is already uptodate.

<cross-sections/c=01__09beta=1x=0-eps-converted-to.pdf, id=90, 274.02374pt x 18
6.6975pt>
File: cross-sections/c=01__09beta=1x=0-eps-converted-to.pdf Graphic file (type 
pdf)
 <use cross-sections/c=01__09beta=1x=0-eps-converted-to.pdf>
Package pdftex.def Info: cross-sections/c=01__09beta=1x=0-eps-converted-to.pdf 
used on input line 496.
(pdftex.def)             Requested size: 172.5pt x 117.52887pt.
Package epstopdf Info: Source file: <cross-sections/c=01__09beta=1y=0.eps>
(epstopdf)                    date: 2013-07-20 15:14:20
(epstopdf)                    size: 10534 bytes
(epstopdf)             Output file: <cross-sections/c=01__09beta=1y=0-eps-conve
rted-to.pdf>
(epstopdf)                    date: 2013-09-17 14:59:10
(epstopdf)                    size: 4378 bytes
(epstopdf)             Command: <epstopdf --outfile=cross-sections/c=01__09beta
=1y=0-eps-converted-to.pdf cross-sections/c=01__09beta=1y=0.eps>
(epstopdf)             \includegraphics on input line 500.
Package epstopdf Info: Output file is already uptodate.

<cross-sections/c=01__09beta=1y=0-eps-converted-to.pdf, id=91, 274.02374pt x 18
6.6975pt>
File: cross-sections/c=01__09beta=1y=0-eps-converted-to.pdf Graphic file (type 
pdf)
 <use cross-sections/c=01__09beta=1y=0-eps-converted-to.pdf>
Package pdftex.def Info: cross-sections/c=01__09beta=1y=0-eps-converted-to.pdf 
used on input line 500.
(pdftex.def)             Requested size: 172.5pt x 117.52887pt.
Package epstopdf Info: Source file: <cross-sections/c=01__09beta=1Logx=0.eps>
(epstopdf)                    date: 2013-07-20 15:15:06
(epstopdf)                    size: 20142 bytes
(epstopdf)             Output file: <cross-sections/c=01__09beta=1Logx=0-eps-co
nverted-to.pdf>
(epstopdf)                    date: 2013-09-17 14:59:10
(epstopdf)                    size: 9435 bytes
(epstopdf)             Command: <epstopdf --outfile=cross-sections/c=01__09beta
=1Logx=0-eps-converted-to.pdf cross-sections/c=01__09beta=1Logx=0.eps>
(epstopdf)             \includegraphics on input line 504.
Package epstopdf Info: Output file is already uptodate.

<cross-sections/c=01__09beta=1Logx=0-eps-converted-to.pdf, id=92, 274.02374pt x
 216.81pt>
File: cross-sections/c=01__09beta=1Logx=0-eps-converted-to.pdf Graphic file (ty
pe pdf)
 <use cross-sections/c=01__09beta=1Logx=0-eps-converted-to.pdf>
Package pdftex.def Info: cross-sections/c=01__09beta=1Logx=0-eps-converted-to.p
df used on input line 504.
(pdftex.def)             Requested size: 172.5pt x 136.48515pt.
Package epstopdf Info: Source file: <cross-sections/c=01__09beta=1Logy=0.eps>
(epstopdf)                    date: 2013-07-20 15:15:20
(epstopdf)                    size: 18584 bytes
(epstopdf)             Output file: <cross-sections/c=01__09beta=1Logy=0-eps-co
nverted-to.pdf>
(epstopdf)                    date: 2013-09-17 14:59:12
(epstopdf)                    size: 9668 bytes
(epstopdf)             Command: <epstopdf --outfile=cross-sections/c=01__09beta
=1Logy=0-eps-converted-to.pdf cross-sections/c=01__09beta=1Logy=0.eps>
(epstopdf)             \includegraphics on input line 508.
Package epstopdf Info: Output file is already uptodate.

<cross-sections/c=01__09beta=1Logy=0-eps-converted-to.pdf, id=93, 274.02374pt x
 216.81pt>
File: cross-sections/c=01__09beta=1Logy=0-eps-converted-to.pdf Graphic file (ty
pe pdf)
 <use cross-sections/c=01__09beta=1Logy=0-eps-converted-to.pdf>
Package pdftex.def Info: cross-sections/c=01__09beta=1Logy=0-eps-converted-to.p
df used on input line 508.
(pdftex.def)             Requested size: 172.5pt x 136.48515pt.

Overfull \hbox (2.22221pt too wide) in paragraph at lines 494--510
[][] []
 []


Overfull \hbox (2.22221pt too wide) in paragraph at lines 494--510
[] [] 
 []

Package epstopdf Info: Source file: <cross-sections/c=05beta=1__3x=0.eps>
(epstopdf)                    date: 2013-07-20 15:17:16
(epstopdf)                    size: 10370 bytes
(epstopdf)             Output file: <cross-sections/c=05beta=1__3x=0-eps-conver
ted-to.pdf>
(epstopdf)                    date: 2013-09-17 14:59:12
(epstopdf)                    size: 4199 bytes
(epstopdf)             Command: <epstopdf --outfile=cross-sections/c=05beta=1__
3x=0-eps-converted-to.pdf cross-sections/c=05beta=1__3x=0.eps>
(epstopdf)             \includegraphics on input line 517.
Package epstopdf Info: Output file is already uptodate.

<cross-sections/c=05beta=1__3x=0-eps-converted-to.pdf, id=94, 274.02374pt x 186
.6975pt>
File: cross-sections/c=05beta=1__3x=0-eps-converted-to.pdf Graphic file (type p
df)
 <use cross-sections/c=05beta=1__3x=0-eps-converted-to.pdf>
Package pdftex.def Info: cross-sections/c=05beta=1__3x=0-eps-converted-to.pdf u
sed on input line 517.
(pdftex.def)             Requested size: 172.5pt x 117.52887pt.
Package epstopdf Info: Source file: <cross-sections/c=05beta=1__3y=0.eps>
(epstopdf)                    date: 2013-07-20 15:17:32
(epstopdf)                    size: 10340 bytes
(epstopdf)             Output file: <cross-sections/c=05beta=1__3y=0-eps-conver
ted-to.pdf>
(epstopdf)                    date: 2013-09-17 14:59:14
(epstopdf)                    size: 4262 bytes
(epstopdf)             Command: <epstopdf --outfile=cross-sections/c=05beta=1__
3y=0-eps-converted-to.pdf cross-sections/c=05beta=1__3y=0.eps>
(epstopdf)             \includegraphics on input line 521.
Package epstopdf Info: Output file is already uptodate.

<cross-sections/c=05beta=1__3y=0-eps-converted-to.pdf, id=95, 274.02374pt x 186
.6975pt>
File: cross-sections/c=05beta=1__3y=0-eps-converted-to.pdf Graphic file (type p
df)
 <use cross-sections/c=05beta=1__3y=0-eps-converted-to.pdf>
Package pdftex.def Info: cross-sections/c=05beta=1__3y=0-eps-converted-to.pdf u
sed on input line 521.
(pdftex.def)             Requested size: 172.5pt x 117.52887pt.
Package epstopdf Info: Source file: <cross-sections/c=05beta=1__3Logx=0.eps>
(epstopdf)                    date: 2013-07-20 15:18:24
(epstopdf)                    size: 15619 bytes
(epstopdf)             Output file: <cross-sections/c=05beta=1__3Logx=0-eps-con
verted-to.pdf>
(epstopdf)                    date: 2013-09-17 14:59:14
(epstopdf)                    size: 5679 bytes
(epstopdf)             Command: <epstopdf --outfile=cross-sections/c=05beta=1__
3Logx=0-eps-converted-to.pdf cross-sections/c=05beta=1__3Logx=0.eps>
(epstopdf)             \includegraphics on input line 525.
Package epstopdf Info: Output file is already uptodate.

<cross-sections/c=05beta=1__3Logx=0-eps-converted-to.pdf, id=96, 274.02374pt x 
216.81pt>
File: cross-sections/c=05beta=1__3Logx=0-eps-converted-to.pdf Graphic file (typ
e pdf)
 <use cross-sections/c=05beta=1__3Logx=0-eps-converted-to.pdf>
Package pdftex.def Info: cross-sections/c=05beta=1__3Logx=0-eps-converted-to.pd
f used on input line 525.
(pdftex.def)             Requested size: 172.5pt x 136.48515pt.
Package epstopdf Info: Source file: <cross-sections/c=05beta=1__3Logy=0.eps>
(epstopdf)                    date: 2013-07-20 15:18:40
(epstopdf)                    size: 15196 bytes
(epstopdf)             Output file: <cross-sections/c=05beta=1__3Logy=0-eps-con
verted-to.pdf>
(epstopdf)                    date: 2013-09-17 14:59:14
(epstopdf)                    size: 6081 bytes
(epstopdf)             Command: <epstopdf --outfile=cross-sections/c=05beta=1__
3Logy=0-eps-converted-to.pdf cross-sections/c=05beta=1__3Logy=0.eps>
(epstopdf)             \includegraphics on input line 529.
Package epstopdf Info: Output file is already uptodate.

<cross-sections/c=05beta=1__3Logy=0-eps-converted-to.pdf, id=97, 274.02374pt x 
216.81pt>
File: cross-sections/c=05beta=1__3Logy=0-eps-converted-to.pdf Graphic file (typ
e pdf)
 <use cross-sections/c=05beta=1__3Logy=0-eps-converted-to.pdf>
Package pdftex.def Info: cross-sections/c=05beta=1__3Logy=0-eps-converted-to.pd
f used on input line 529.
(pdftex.def)             Requested size: 172.5pt x 136.48515pt.

Overfull \hbox (2.22221pt too wide) in paragraph at lines 515--531
[][] []
 []


Overfull \hbox (2.22221pt too wide) in paragraph at lines 515--531
[] [] 
 []

[11 <C:/Users/desty/Desktop/article/AngelowKolkovska/AngelowKolkovska/solution/
SOL2D_bnd25_c090_bt1-eps-converted-to.pdf> <C:/Users/desty/Desktop/article/Ange
lowKolkovska/AngelowKolkovska/solution/SOL2D_bnd25_c050_bt3-eps-converted-to.pd
f> <C:/Users/desty/Desktop/article/AngelowKolkovska/AngelowKolkovska/solution/S
OL3D_bnd25_c090_bt1-eps-converted-to.pdf> <C:/Users/desty/Desktop/article/Angel
owKolkovska/AngelowKolkovska/solution/SOL3D_bnd25_c050_bt3-eps-converted-to.pdf
>]
Package epstopdf Info: Source file: <differences/difference_c=03_beta=1.eps>
(epstopdf)                    date: 2013-08-28 16:48:28
(epstopdf)                    size: 2677397 bytes
(epstopdf)             Output file: <differences/difference_c=03_beta=1-eps-con
verted-to.pdf>
(epstopdf)                    date: 2013-09-17 14:59:18
(epstopdf)                    size: 23972 bytes
(epstopdf)             Command: <epstopdf --outfile=differences/difference_c=03
_beta=1-eps-converted-to.pdf differences/difference_c=03_beta=1.eps>
(epstopdf)             \includegraphics on input line 557.
Package epstopdf Info: Output file is already uptodate.

<differences/difference_c=03_beta=1-eps-converted-to.pdf, id=114, 349.305pt x 2
93.095pt>
File: differences/difference_c=03_beta=1-eps-converted-to.pdf Graphic file (typ
e pdf)
 <use differences/difference_c=03_beta=1-eps-converted-to.pdf>
Package pdftex.def Info: differences/difference_c=03_beta=1-eps-converted-to.pd
f used on input line 557.
(pdftex.def)             Requested size: 172.5pt x 144.74033pt.
Package epstopdf Info: Source file: <differences/difference_c=01_beta=1.eps>
(epstopdf)                    date: 2013-08-28 16:47:26
(epstopdf)                    size: 2677397 bytes
(epstopdf)             Output file: <differences/difference_c=01_beta=1-eps-con
verted-to.pdf>
(epstopdf)                    date: 2013-09-17 14:59:22
(epstopdf)                    size: 24625 bytes
(epstopdf)             Command: <epstopdf --outfile=differences/difference_c=01
_beta=1-eps-converted-to.pdf differences/difference_c=01_beta=1.eps>
(epstopdf)             \includegraphics on input line 561.
Package epstopdf Info: Output file is already uptodate.

<differences/difference_c=01_beta=1-eps-converted-to.pdf, id=115, 349.305pt x 2
93.095pt>
File: differences/difference_c=01_beta=1-eps-converted-to.pdf Graphic file (typ
e pdf)
 <use differences/difference_c=01_beta=1-eps-converted-to.pdf>
Package pdftex.def Info: differences/difference_c=01_beta=1-eps-converted-to.pd
f used on input line 561.
(pdftex.def)             Requested size: 172.5pt x 144.74033pt.
Package epstopdf Info: Source file: <differences/difference_c=03_beta=3.eps>
(epstopdf)                    date: 2013-08-28 16:48:42
(epstopdf)                    size: 2677397 bytes
(epstopdf)             Output file: <differences/difference_c=03_beta=3-eps-con
verted-to.pdf>
(epstopdf)                    date: 2013-09-17 14:59:24
(epstopdf)                    size: 22049 bytes
(epstopdf)             Command: <epstopdf --outfile=differences/difference_c=03
_beta=3-eps-converted-to.pdf differences/difference_c=03_beta=3.eps>
(epstopdf)             \includegraphics on input line 565.
Package epstopdf Info: Output file is already uptodate.

<differences/difference_c=03_beta=3-eps-converted-to.pdf, id=116, 349.305pt x 2
93.095pt>
File: differences/difference_c=03_beta=3-eps-converted-to.pdf Graphic file (typ
e pdf)
 <use differences/difference_c=03_beta=3-eps-converted-to.pdf>
Package pdftex.def Info: differences/difference_c=03_beta=3-eps-converted-to.pd
f used on input line 565.
(pdftex.def)             Requested size: 172.5pt x 144.74033pt.
Package epstopdf Info: Source file: <differences/difference_c=05_beta=1.eps>
(epstopdf)                    date: 2013-08-28 16:47:42
(epstopdf)                    size: 2677397 bytes
(epstopdf)             Output file: <differences/difference_c=05_beta=1-eps-con
verted-to.pdf>
(epstopdf)                    date: 2013-09-17 14:59:28
(epstopdf)                    size: 23656 bytes
(epstopdf)             Command: <epstopdf --outfile=differences/difference_c=05
_beta=1-eps-converted-to.pdf differences/difference_c=05_beta=1.eps>
(epstopdf)             \includegraphics on input line 569.
Package epstopdf Info: Output file is already uptodate.

<differences/difference_c=05_beta=1-eps-converted-to.pdf, id=117, 349.305pt x 2
93.095pt>
File: differences/difference_c=05_beta=1-eps-converted-to.pdf Graphic file (typ
e pdf)
 <use differences/difference_c=05_beta=1-eps-converted-to.pdf>
Package pdftex.def Info: differences/difference_c=05_beta=1-eps-converted-to.pd
f used on input line 569.
(pdftex.def)             Requested size: 172.5pt x 144.74033pt.
Package epstopdf Info: Source file: <differences/difference_c=03_beta=5.eps>
(epstopdf)                    date: 2013-08-28 16:49:00
(epstopdf)                    size: 2677397 bytes
(epstopdf)             Output file: <differences/difference_c=03_beta=5-eps-con
verted-to.pdf>
(epstopdf)                    date: 2013-09-17 14:59:32
(epstopdf)                    size: 20377 bytes
(epstopdf)             Command: <epstopdf --outfile=differences/difference_c=03
_beta=5-eps-converted-to.pdf differences/difference_c=03_beta=5.eps>
(epstopdf)             \includegraphics on input line 573.
Package epstopdf Info: Output file is already uptodate.

<differences/difference_c=03_beta=5-eps-converted-to.pdf, id=118, 349.305pt x 2
93.095pt>
File: differences/difference_c=03_beta=5-eps-converted-to.pdf Graphic file (typ
e pdf)
 <use differences/difference_c=03_beta=5-eps-converted-to.pdf>
Package pdftex.def Info: differences/difference_c=03_beta=5-eps-converted-to.pd
f used on input line 573.
(pdftex.def)             Requested size: 172.5pt x 144.74033pt.
Package epstopdf Info: Source file: <differences/difference_c=09_beta=1.eps>
(epstopdf)                    date: 2013-08-28 16:47:58
(epstopdf)                    size: 2677397 bytes
(epstopdf)             Output file: <differences/difference_c=09_beta=1-eps-con
verted-to.pdf>
(epstopdf)                    date: 2013-09-17 14:59:34
(epstopdf)                    size: 23685 bytes
(epstopdf)             Command: <epstopdf --outfile=differences/difference_c=09
_beta=1-eps-converted-to.pdf differences/difference_c=09_beta=1.eps>
(epstopdf)             \includegraphics on input line 579.
Package epstopdf Info: Output file is already uptodate.

<differences/difference_c=09_beta=1-eps-converted-to.pdf, id=119, 349.305pt x 2
93.095pt>
File: differences/difference_c=09_beta=1-eps-converted-to.pdf Graphic file (typ
e pdf)
 <use differences/difference_c=09_beta=1-eps-converted-to.pdf>
Package pdftex.def Info: differences/difference_c=09_beta=1-eps-converted-to.pd
f used on input line 579.
(pdftex.def)             Requested size: 172.5pt x 144.74033pt.

Overfull \hbox (2.22221pt too wide) in paragraph at lines 555--583
[][] []
 []


Overfull \hbox (2.22221pt too wide) in paragraph at lines 555--583
[] []
 []


Overfull \hbox (2.22221pt too wide) in paragraph at lines 555--583
[] [] 
 []

[12] [13 <C:/Users/desty/Desktop/article/AngelowKolkovska/AngelowKolkovska/cros
s-sections/c=01__09beta=1x=0-eps-converted-to.pdf> <C:/Users/desty/Desktop/arti
cle/AngelowKolkovska/AngelowKolkovska/cross-sections/c=01__09beta=1y=0-eps-conv
erted-to.pdf> <C:/Users/desty/Desktop/article/AngelowKolkovska/AngelowKolkovska
/cross-sections/c=01__09beta=1Logx=0-eps-converted-to.pdf> <C:/Users/desty/Desk
top/article/AngelowKolkovska/AngelowKolkovska/cross-sections/c=01__09beta=1Logy
=0-eps-converted-to.pdf>]
Package epstopdf Info: Source file: <positiveNegativeDomains/IC_bnd50_c090_bt1.
eps>
(epstopdf)                    date: 2013-08-20 15:53:12
(epstopdf)                    size: 1090220 bytes
(epstopdf)             Output file: <positiveNegativeDomains/IC_bnd50_c090_bt1-
eps-converted-to.pdf>
(epstopdf)                    date: 2013-09-17 14:59:36
(epstopdf)                    size: 9418 bytes
(epstopdf)             Command: <epstopdf --outfile=positiveNegativeDomains/IC_
bnd50_c090_bt1-eps-converted-to.pdf positiveNegativeDomains/IC_bnd50_c090_bt1.e
ps>
(epstopdf)             \includegraphics on input line 641.
Package epstopdf Info: Output file is already uptodate.

<positiveNegativeDomains/IC_bnd50_c090_bt1-eps-converted-to.pdf, id=143, 323.20
75pt x 312.16624pt>
File: positiveNegativeDomains/IC_bnd50_c090_bt1-eps-converted-to.pdf Graphic fi
le (type pdf)

<use positiveNegativeDomains/IC_bnd50_c090_bt1-eps-converted-to.pdf>
Package pdftex.def Info: positiveNegativeDomains/IC_bnd50_c090_bt1-eps-converte
d-to.pdf used on input line 641.
(pdftex.def)             Requested size: 155.24895pt x 149.94289pt.
Package epstopdf Info: Source file: <positiveNegativeDomains/SOL_bnd50_c090_bt1
.eps>
(epstopdf)                    date: 2013-08-20 15:54:32
(epstopdf)                    size: 1103140 bytes
(epstopdf)             Output file: <positiveNegativeDomains/SOL_bnd50_c090_bt1
-eps-converted-to.pdf>
(epstopdf)                    date: 2013-09-17 14:59:40
(epstopdf)                    size: 7650 bytes
(epstopdf)             Command: <epstopdf --outfile=positiveNegativeDomains/SOL
_bnd50_c090_bt1-eps-converted-to.pdf positiveNegativeDomains/SOL_bnd50_c090_bt1
.eps>
(epstopdf)             \includegraphics on input line 646.
Package epstopdf Info: Output file is already uptodate.

<positiveNegativeDomains/SOL_bnd50_c090_bt1-eps-converted-to.pdf, id=144, 325.2
15pt x 314.17375pt>
File: positiveNegativeDomains/SOL_bnd50_c090_bt1-eps-converted-to.pdf Graphic f
ile (type pdf)

<use positiveNegativeDomains/SOL_bnd50_c090_bt1-eps-converted-to.pdf>
Package pdftex.def Info: positiveNegativeDomains/SOL_bnd50_c090_bt1-eps-convert
ed-to.pdf used on input line 646.
(pdftex.def)             Requested size: 155.24895pt x 149.98192pt.
Package epstopdf Info: Source file: <positiveNegativeDomains/IC_bnd50_c050_bt3.
eps>
(epstopdf)                    date: 2013-08-21 11:33:44
(epstopdf)                    size: 4343569 bytes
(epstopdf)             Output file: <positiveNegativeDomains/IC_bnd50_c050_bt3-
eps-converted-to.pdf>
(epstopdf)                    date: 2013-09-17 14:59:46
(epstopdf)                    size: 34037 bytes
(epstopdf)             Command: <epstopdf --outfile=positiveNegativeDomains/IC_
bnd50_c050_bt3-eps-converted-to.pdf positiveNegativeDomains/IC_bnd50_c050_bt3.e
ps>
(epstopdf)             \includegraphics on input line 656.
Package epstopdf Info: Output file is already uptodate.

<positiveNegativeDomains/IC_bnd50_c050_bt3-eps-converted-to.pdf, id=145, 49.183
75pt x 47.17625pt>
File: positiveNegativeDomains/IC_bnd50_c050_bt3-eps-converted-to.pdf Graphic fi
le (type pdf)

<use positiveNegativeDomains/IC_bnd50_c050_bt3-eps-converted-to.pdf>
Package pdftex.def Info: positiveNegativeDomains/IC_bnd50_c050_bt3-eps-converte
d-to.pdf used on input line 656.
(pdftex.def)             Requested size: 155.24895pt x 148.94713pt.
Package epstopdf Info: Source file: <positiveNegativeDomains/SOL_bnd50_c050_bt3
.eps>
(epstopdf)                    date: 2013-08-21 11:37:16
(epstopdf)                    size: 4364474 bytes
(epstopdf)             Output file: <positiveNegativeDomains/SOL_bnd50_c050_bt3
-eps-converted-to.pdf>
(epstopdf)                    date: 2013-09-17 14:59:52
(epstopdf)                    size: 34464 bytes
(epstopdf)             Command: <epstopdf --outfile=positiveNegativeDomains/SOL
_bnd50_c050_bt3-eps-converted-to.pdf positiveNegativeDomains/SOL_bnd50_c050_bt3
.eps>
(epstopdf)             \includegraphics on input line 661.
Package epstopdf Info: Output file is already uptodate.

<positiveNegativeDomains/SOL_bnd50_c050_bt3-eps-converted-to.pdf, id=146, 49.18
375pt x 47.17625pt>
File: positiveNegativeDomains/SOL_bnd50_c050_bt3-eps-converted-to.pdf Graphic f
ile (type pdf)

<use positiveNegativeDomains/SOL_bnd50_c050_bt3-eps-converted-to.pdf>
Package pdftex.def Info: positiveNegativeDomains/SOL_bnd50_c050_bt3-eps-convert
ed-to.pdf used on input line 661.
(pdftex.def)             Requested size: 155.24895pt x 148.94713pt.
 [14 <C:/Users/desty/Desktop/article/AngelowKolkovska/AngelowKolkovska/cross-se
ctions/c=05beta=1__3x=0-eps-converted-to.pdf> <C:/Users/desty/Desktop/article/A
ngelowKolkovska/AngelowKolkovska/cross-sections/c=05beta=1__3y=0-eps-converted-
to.pdf> <C:/Users/desty/Desktop/article/AngelowKolkovska/AngelowKolkovska/cross
-sections/c=05beta=1__3Logx=0-eps-converted-to.pdf> <C:/Users/desty/Desktop/art
icle/AngelowKolkovska/AngelowKolkovska/cross-sections/c=05beta=1__3Logy=0-eps-c
onverted-to.pdf>] [15 <C:/Users/desty/Desktop/article/AngelowKolkovska/AngelowK
olkovska/differences/difference_c=03_beta=1-eps-converted-to.pdf> <C:/Users/des
ty/Desktop/article/AngelowKolkovska/AngelowKolkovska/differences/difference_c=0
1_beta=1-eps-converted-to.pdf> <C:/Users/desty/Desktop/article/AngelowKolkovska
/AngelowKolkovska/differences/difference_c=03_beta=3-eps-converted-to.pdf> <C:/
Users/desty/Desktop/article/AngelowKolkovska/AngelowKolkovska/differences/diffe
rence_c=05_beta=1-eps-converted-to.pdf> <C:/Users/desty/Desktop/article/Angelow
Kolkovska/AngelowKolkovska/differences/difference_c=03_beta=5-eps-converted-to.
pdf> <C:/Users/desty/Desktop/article/AngelowKolkovska/AngelowKolkovska/differen
ces/difference_c=09_beta=1-eps-converted-to.pdf>] [16 <C:/Users/desty/Desktop/a
rticle/AngelowKolkovska/AngelowKolkovska/positiveNegativeDomains/IC_bnd50_c090_
bt1-eps-converted-to.pdf> <C:/Users/desty/Desktop/article/AngelowKolkovska/Ange
lowKolkovska/positiveNegativeDomains/SOL_bnd50_c090_bt1-eps-converted-to.pdf> <
C:/Users/desty/Desktop/article/AngelowKolkovska/AngelowKolkovska/positiveNegati
veDomains/IC_bnd50_c050_bt3-eps-converted-to.pdf> <C:/Users/desty/Desktop/artic
le/AngelowKolkovska/AngelowKolkovska/positiveNegativeDomains/SOL_bnd50_c050_bt3
-eps-converted-to.pdf>]
Missing character: There is no â in font cmr10!
Missing character: There is no € in font cmr10!
Missing character: There is no “ in font cmr10!
Missing character: There is no â in font cmr10!
Missing character: There is no € in font cmr10!
Missing character: There is no “ in font cmr10!
Missing character: There is no â in font cmr10!
Missing character: There is no € in font cmr10!
Missing character: There is no “ in font cmr10!
Missing character: There is no â in font cmr10!
Missing character: There is no € in font cmr10!
Missing character: There is no “ in font cmr10!
 [17]
(C:\Users\desty\Desktop\article\AngelowKolkovska\AngelowKolkovska\part_i_new.au
x) ) 
Here is how much of TeX's memory you used:
 3270 strings out of 494045
 46506 string characters out of 3150401
 109652 words of memory out of 3000000
 6476 multiletter control sequences out of 15000+200000
 10601 words of font info for 41 fonts, out of 3000000 for 9000
 715 hyphenation exceptions out of 8191
 42i,26n,30p,920b,279s stack positions out of 5000i,500n,10000p,200000b,50000s
<C:/Program Files/LateX/fonts/type1/public/amsfonts/cm/cmbx10.pfb><C:/Progr
am Files/LateX/fonts/type1/public/amsfonts/cm/cmex10.pfb><C:/Program Files/Late
X/fonts/type1/public/amsfonts/cmextra/cmex7.pfb><C:/Program Files/LateX/fonts/t
ype1/public/amsfonts/cm/cmmi10.pfb><C:/Program Files/LateX/fonts/type1/public/a
msfonts/cm/cmmi5.pfb><C:/Program Files/LateX/fonts/type1/public/amsfonts/cm/cmm
i6.pfb><C:/Program Files/LateX/fonts/type1/public/amsfonts/cm/cmmi7.pfb><C:/Pro
gram Files/LateX/fonts/type1/public/amsfonts/cm/cmmi8.pfb><C:/Program Files/Lat
eX/fonts/type1/public/amsfonts/cm/cmr10.pfb><C:/Program Files/LateX/fonts/type1
/public/amsfonts/cm/cmr12.pfb><C:/Program Files/LateX/fonts/type1/public/amsfon
ts/cm/cmr5.pfb><C:/Program Files/LateX/fonts/type1/public/amsfonts/cm/cmr6.pfb>
<C:/Program Files/LateX/fonts/type1/public/amsfonts/cm/cmr7.pfb><C:/Program Fil
es/LateX/fonts/type1/public/amsfonts/cm/cmr8.pfb><C:/Program Files/LateX/fonts/
type1/public/amsfonts/cm/cmsy10.pfb><C:/Program Files/LateX/fonts/type1/public/
amsfonts/cm/cmsy6.pfb><C:/Program Files/LateX/fonts/type1/public/amsfonts/cm/cm
sy7.pfb><C:/Program Files/LateX/fonts/type1/public/amsfonts/cm/cmti10.pfb><C:/P
rogram Files/LateX/fonts/type1/public/amsfonts/cm/cmti8.pfb><C:/Program Files/L
ateX/fonts/type1/public/amsfonts/cm/cmtt8.pfb><C:/Program Files/LateX/fonts/typ
e1/public/amsfonts/symbols/msbm10.pfb><C:/Program Files/LateX/fonts/type1/publi
c/amsfonts/symbols/msbm7.pfb>
Output written on part_i_new.pdf (17 pages, 886065 bytes).
PDF statistics:
 293 PDF objects out of 1000 (max. 8388607)
 0 named destinations out of 1000 (max. 500000)
 141 words of extra memory for PDF output out of 10000 (max. 10000000)

